<?xml version="1.0" encoding="UTF-8"?>
<testsuites name="jest tests" tests="2" failures="0" errors="0" time="0.722">
  <testsuite name="extractViolationFromZodError" errors="0" failures="0" skipped="0" timestamp="2024-01-14T16:04:55" time="0.694" tests="2">
    <testcase classname="extractViolationFromZodError should return the all issues for input: { foo: 100 }" name="extractViolationFromZodError should return the all issues for input: { foo: 100 }" time="0.002">
    </testcase>
    <testcase classname="extractViolationFromZodError should return the all issues for input: { foo: &apos;bar&apos; }" name="extractViolationFromZodError should return the all issues for input: { foo: &apos;bar&apos; }" time="0.001">
    </testcase>
  </testsuite>
</testsuites>